<?xml version="1.0" encoding="UTF-8"?>
<testsuite xmlns:xsi="http://www.w3.org/2001/XMLSchema-instance" xsi:noNamespaceSchemaLocation="https://maven.apache.org/surefire/maven-surefire-plugin/xsd/surefire-test-report.xsd" name="org.kelompok4.app.AppTest" time="0.139" tests="1" errors="0" skipped="0" failures="0">
  <properties>
    <property name="sun.desktop" value="windows"/>
    <property name="awt.toolkit" value="sun.awt.windows.WToolkit"/>
    <property name="file.encoding.pkg" value="sun.io"/>
    <property name="java.specification.version" value="1.8"/>
    <property name="sun.cpu.isalist" value="amd64"/>
    <property name="sun.jnu.encoding" value="Cp1252"/>
    <property name="java.class.path" value="G:\My Drive\My Computer\Administrasi\College\tubes-pilot\my-app\target\test-classes;G:\My Drive\My Computer\Administrasi\College\tubes-pilot\my-app\target\classes;C:\Users\Ryzen\.m2\repository\junit\junit\4.11\junit-4.11.jar;C:\Users\Ryzen\.m2\repository\org\hamcrest\hamcrest-core\1.3\hamcrest-core-1.3.jar;"/>
    <property name="java.vm.vendor" value="Amazon.com Inc."/>
    <property name="sun.arch.data.model" value="64"/>
    <property name="user.variant" value=""/>
    <property name="java.vendor.url" value="https://aws.amazon.com/corretto/"/>
    <property name="user.timezone" value="Asia/Bangkok"/>
    <property name="java.vm.specification.version" value="1.8"/>
    <property name="os.name" value="Windows 10"/>
    <property name="user.country" value="US"/>
    <property name="sun.java.launcher" value="SUN_STANDARD"/>
    <property name="sun.boot.library.path" value="C:\Program Files\Amazon Corretto\jdk1.8.0_222\jre\bin"/>
    <property name="sun.java.command" value="C:\Users\Ryzen\AppData\Local\Temp\surefire1569102114261768952\surefirebooter6540224459832053931.jar C:\Users\Ryzen\AppData\Local\Temp\surefire1569102114261768952 2019-11-16T13-55-12_313-jvmRun1 surefire3146634472329485888tmp surefire_0888640859395568810tmp"/>
    <property name="surefire.test.class.path" value="G:\My Drive\My Computer\Administrasi\College\tubes-pilot\my-app\target\test-classes;G:\My Drive\My Computer\Administrasi\College\tubes-pilot\my-app\target\classes;C:\Users\Ryzen\.m2\repository\junit\junit\4.11\junit-4.11.jar;C:\Users\Ryzen\.m2\repository\org\hamcrest\hamcrest-core\1.3\hamcrest-core-1.3.jar;"/>
    <property name="sun.cpu.endian" value="little"/>
    <property name="user.home" value="C:\Users\Ryzen"/>
    <property name="user.language" value="en"/>
    <property name="java.specification.vendor" value="Oracle Corporation"/>
    <property name="java.home" value="C:\Program Files\Amazon Corretto\jdk1.8.0_222\jre"/>
    <property name="basedir" value="G:\My Drive\My Computer\Administrasi\College\tubes-pilot\my-app"/>
    <property name="file.separator" value="\"/>
    <property name="line.separator" value="&#10;"/>
    <property name="java.vm.specification.vendor" value="Oracle Corporation"/>
    <property name="java.specification.name" value="Java Platform API Specification"/>
    <property name="java.awt.graphicsenv" value="sun.awt.Win32GraphicsEnvironment"/>
    <property name="surefire.real.class.path" value="C:\Users\Ryzen\AppData\Local\Temp\surefire1569102114261768952\surefirebooter6540224459832053931.jar"/>
    <property name="sun.boot.class.path" value="C:\Program Files\Amazon Corretto\jdk1.8.0_222\jre\lib\resources.jar;C:\Program Files\Amazon Corretto\jdk1.8.0_222\jre\lib\rt.jar;C:\Program Files\Amazon Corretto\jdk1.8.0_222\jre\lib\sunrsasign.jar;C:\Program Files\Amazon Corretto\jdk1.8.0_222\jre\lib\jsse.jar;C:\Program Files\Amazon Corretto\jdk1.8.0_222\jre\lib\jce.jar;C:\Program Files\Amazon Corretto\jdk1.8.0_222\jre\lib\charsets.jar;C:\Program Files\Amazon Corretto\jdk1.8.0_222\jre\lib\jfr.jar;C:\Program Files\Amazon Corretto\jdk1.8.0_222\jre\classes"/>
    <property name="user.script" value=""/>
    <property name="sun.management.compiler" value="HotSpot 64-Bit Tiered Compilers"/>
    <property name="java.runtime.version" value="1.8.0_222-b10"/>
    <property name="user.name" value="Ryzen"/>
    <property name="path.separator" value=";"/>
    <property name="os.version" value="10.0"/>
    <property name="java.endorsed.dirs" value="C:\Program Files\Amazon Corretto\jdk1.8.0_222\jre\lib\endorsed"/>
    <property name="java.runtime.name" value="OpenJDK Runtime Environment"/>
    <property name="file.encoding" value="Cp1252"/>
    <property name="java.vm.name" value="OpenJDK 64-Bit Server VM"/>
    <property name="localRepository" value="C:\Users\Ryzen\.m2\repository"/>
    <property name="java.vendor.url.bug" value="https://github.com/corretto/corretto-8/issues/"/>
    <property name="java.io.tmpdir" value="C:\Users\Ryzen\AppData\Local\Temp\"/>
    <property name="java.version" value="1.8.0_222"/>
    <property name="user.dir" value="G:\My Drive\My Computer\Administrasi\College\tubes-pilot\my-app"/>
    <property name="os.arch" value="amd64"/>
    <property name="java.vm.specification.name" value="Java Virtual Machine Specification"/>
    <property name="java.awt.printerjob" value="sun.awt.windows.WPrinterJob"/>
    <property name="sun.os.patch.level" value=""/>
    <property name="java.library.path" value="C:\Program Files\Amazon Corretto\jdk1.8.0_222\jre\bin;C:\WINDOWS\Sun\Java\bin;C:\WINDOWS\system32;C:\WINDOWS;C:\Program Files\Git\mingw64\bin;C:\Program Files\Git\usr\bin;C:\Users\Ryzen\bin;C:\Program Files\Amazon Corretto\jdk1.8.0_222\bin;C:\Program Files\Amazon Corretto\jdk11.0.4_10\bin;C:\Program Files\AdoptOpenJDK\jre-8.0.222.10-hotspot\bin;C:\Program Files (x86)\Common Files\Intel\Shared Libraries\redist\intel64\compiler;C:\Program Files\Amazon Corretto\jdk1.8.0_222\bin;C:\Program Files (x86)\Common Files\Oracle\Java\javapath;C:\WINDOWS\system32;C:\WINDOWS;C:\WINDOWS\System32\Wbem;C:\WINDOWS\System32\WindowsPowerShell\v1.0;C:\Program Files (x86)\NVIDIA Corporation\PhysX\Common;C:\Program Files (x86)\AOMEI Backupper;C:\WINDOWS\System32\OpenSSH;C:\Program Files\Microsoft VS Code\bin;C:\Program Files\Calibre2;C:\Program Files\PuTTY;C:\Program Files\Git\cmd;C:\Program Files\NVIDIA Corporation\NVIDIA NvDLISR;C:\Program Files (x86)\Common Files\Acronis\VirtualFile;C:\Program Files (x86)\Common Files\Acronis\VirtualFile64;C:\Program Files (x86)\Common Files\Acronis\SnapAPI;C:\WINDOWS\system32;C:\WINDOWS;C:\WINDOWS\System32\Wbem;C:\WINDOWS\System32\WindowsPowerShell\v1.0;C:\WINDOWS\System32\OpenSSH;C:\Program Files\PowerShell\7-preview\preview;C:\Program Files\nodejs;C:\ProgramData\chocolatey\bin;C:\Strawberry\c\bin;C:\Strawberry\perl\site\bin;C:\Strawberry\perl\bin;C:\win-builds\bin;C:\Program Files\JetBrains\IntelliJ IDEA 2019.1.3\plugins\maven\lib\apache-maven-3.6.2\bin;C:\Program Files (x86)\Common Files\Intel\Shared Libraries\redist\intel64\compiler;C:\Program Files (x86)\Common Files\Oracle\Java\javapath;C:\WINDOWS\system32;C:\WINDOWS;C:\WINDOWS\System32\Wbem;C:\WINDOWS\System32\WindowsPowerShell\v1.0;C:\Program Files (x86)\NVIDIA Corporation\PhysX\Common;C:\Program Files (x86)\AOMEI Backupper;C:\WINDOWS\System32\OpenSSH;C:\Program Files\Microsoft VS Code\bin;C:\Strawberry\c\bin;C:\Strawberry\perl\site\bin;C:\Strawberry\perl\bin;C:\Program Files\Calibre2;C:\Program Files\PuTTY;C:\Program Files\Git\cmd;C:\Program Files\NVIDIA Corporation\NVIDIA NvDLISR;C:\Program Files (x86)\Common Files\Acronis\VirtualFile;C:\Program Files (x86)\Common Files\Acronis\VirtualFile64;C:\Program Files (x86)\Common Files\Acronis\SnapAPI;C:\WINDOWS\system32;C:\WINDOWS;C:\WINDOWS\System32\Wbem;C:\WINDOWS\System32\WindowsPowerShell\v1.0;C:\WINDOWS\System32\OpenSSH;C:\Users\Ryzen\AppData\Local\Programs\Python\Python37\Scripts;C:\Users\Ryzen\Ap;C:\Program Files\AdoptOpenJDK\jd;C:\Program Files\JetBrains\DataGrip 2019.2.4\bin;C:\Users\Ryzen\AppData\Local\Programs\MiKTeX 2.9\miktex\bin\x64;C:\Users\Ryzen\AppData\Local\Programs\Python\Python37;C:\Program Files\JetBrains\PhpStorm 2019.2.4\bin;C:\Program Files\JetBrains\PyCharm Professional Edition with Anaconda plugin 2019.2.4\bin;C:\Program Files\JetBrains\IntelliJ IDEA 2019.1.3\plugins\maven\lib\apache-maven-3.6.2\bin;."/>
    <property name="java.vm.info" value="mixed mode"/>
    <property name="java.vendor" value="Amazon.com Inc."/>
    <property name="java.vm.version" value="25.222-b10"/>
    <property name="java.ext.dirs" value="C:\Program Files\Amazon Corretto\jdk1.8.0_222\jre\lib\ext;C:\WINDOWS\Sun\Java\lib\ext"/>
    <property name="sun.io.unicode.encoding" value="UnicodeLittle"/>
    <property name="java.class.version" value="52.0"/>
  </properties>
  <testcase name="shouldAnswerWithTrue" classname="org.kelompok4.app.AppTest" time="0.004"/>
</testsuite>